  Block.cpp
  BlockA.cpp
  BlockC.cpp
  BlockN.cpp
  BlockP.cpp
  BlockR.cpp
  Blocks.cpp
  BlockT.cpp
  Line.cpp
  Micrologic.cpp
C:\Users\14354\source\repos\Micrologic\Micrologic\Micrologic.cpp(290,9): warning C4267: “初始化”: 从“size_t”转换到“int”，可能丢失数据
C:\Users\14354\source\repos\Micrologic\Micrologic\Micrologic.cpp(290,29): warning C4267: “初始化”: 从“size_t”转换到“int”，可能丢失数据
C:\Users\14354\source\repos\Micrologic\Micrologic\Micrologic.cpp(357,15): warning C4267: “初始化”: 从“size_t”转换到“int”，可能丢失数据
C:\Users\14354\source\repos\Micrologic\Micrologic\Micrologic.cpp(419,9): warning C4267: “初始化”: 从“size_t”转换到“int”，可能丢失数据
C:\Users\14354\source\repos\Micrologic\Micrologic\Micrologic.cpp(419,29): warning C4267: “初始化”: 从“size_t”转换到“int”，可能丢失数据
  正在生成代码
  Previous IPDB was built with incompatible compiler, fall back to full compilation.
  All 1756 functions were compiled because no usable IPDB/IOBJ from previous compilation was found.
  已完成代码的生成
  Micrologic.vcxproj -> C:\Users\14354\source\repos\Micrologic\x64\Release\Micrologic.exe
