c:\users\14354\source\repos\micrologic\micrologic\x64\debug\vc143.pdb
c:\users\14354\source\repos\micrologic\micrologic\x64\debug\vc143.idb
c:\users\14354\source\repos\micrologic\micrologic\x64\debug\block.nativecodeanalysis.sarif
c:\users\14354\source\repos\micrologic\micrologic\x64\debug\block.nativecodeanalysis.xml
c:\users\14354\source\repos\micrologic\micrologic\x64\debug\blockn.nativecodeanalysis.sarif
c:\users\14354\source\repos\micrologic\micrologic\x64\debug\blockn.nativecodeanalysis.xml
c:\users\14354\source\repos\micrologic\micrologic\x64\debug\blocks.nativecodeanalysis.sarif
c:\users\14354\source\repos\micrologic\micrologic\x64\debug\blocks.nativecodeanalysis.xml
c:\users\14354\source\repos\micrologic\micrologic\x64\debug\line.nativecodeanalysis.sarif
c:\users\14354\source\repos\micrologic\micrologic\x64\debug\line.nativecodeanalysis.xml
c:\users\14354\source\repos\micrologic\micrologic\x64\debug\micrologic.nativecodeanalysis.sarif
c:\users\14354\source\repos\micrologic\micrologic\x64\debug\micrologic.nativecodeanalysis.xml
c:\users\14354\source\repos\micrologic\micrologic\x64\debug\micrologic.obj
c:\users\14354\source\repos\micrologic\micrologic\x64\debug\line.obj
c:\users\14354\source\repos\micrologic\micrologic\x64\debug\blocks.obj
c:\users\14354\source\repos\micrologic\micrologic\x64\debug\blockn.obj
c:\users\14354\source\repos\micrologic\micrologic\x64\debug\block.obj
c:\users\14354\source\repos\micrologic\x64\debug\micrologic.exe
c:\users\14354\source\repos\micrologic\x64\debug\micrologic.pdb
c:\users\14354\source\repos\micrologic\micrologic\x64\debug\micrologic.ilk
c:\users\14354\source\repos\micrologic\micrologic\x64\debug\vc.nativecodeanalysis.all.xml
c:\users\14354\source\repos\micrologic\micrologic\x64\debug\micrologic.tlog\cl.command.1.tlog
c:\users\14354\source\repos\micrologic\micrologic\x64\debug\micrologic.tlog\cl.items.tlog
c:\users\14354\source\repos\micrologic\micrologic\x64\debug\micrologic.tlog\cl.read.1.tlog
c:\users\14354\source\repos\micrologic\micrologic\x64\debug\micrologic.tlog\cl.write.1.tlog
c:\users\14354\source\repos\micrologic\micrologic\x64\debug\micrologic.tlog\link.command.1.tlog
c:\users\14354\source\repos\micrologic\micrologic\x64\debug\micrologic.tlog\link.read.1.tlog
c:\users\14354\source\repos\micrologic\micrologic\x64\debug\micrologic.tlog\link.secondary.1.tlog
c:\users\14354\source\repos\micrologic\micrologic\x64\debug\micrologic.tlog\link.write.1.tlog
